{"total": {"lines":{"total":5646,"covered":4062,"skipped":0,"pct":71.94},"statements":{"total":5646,"covered":4062,"skipped":0,"pct":71.94},"functions":{"total":187,"covered":168,"skipped":0,"pct":89.83},"branches":{"total":923,"covered":859,"skipped":0,"pct":93.06},"branchesTrue":{"total":0,"covered":0,"skipped":0,"pct":100}}
,"C:\\Users\\Yangu\\Documents\\GitHub\\VideoComposer\\src\\app\\dashboard-client.tsx": {"lines":{"total":1065,"covered":1009,"skipped":0,"pct":94.74},"functions":{"total":21,"covered":7,"skipped":0,"pct":33.33},"statements":{"total":1065,"covered":1009,"skipped":0,"pct":94.74},"branches":{"total":193,"covered":169,"skipped":0,"pct":87.56}}
,"C:\\Users\\Yangu\\Documents\\GitHub\\VideoComposer\\src\\app\\api\\brand-logos\\[brandId]\\route.ts": {"lines":{"total":27,"covered":27,"skipped":0,"pct":100},"functions":{"total":1,"covered":1,"skipped":0,"pct":100},"statements":{"total":27,"covered":27,"skipped":0,"pct":100},"branches":{"total":5,"covered":5,"skipped":0,"pct":100}}
,"C:\\Users\\Yangu\\Documents\\GitHub\\VideoComposer\\src\\app\\api\\gemini\\route.ts": {"lines":{"total":102,"covered":102,"skipped":0,"pct":100},"functions":{"total":3,"covered":3,"skipped":0,"pct":100},"statements":{"total":102,"covered":102,"skipped":0,"pct":100},"branches":{"total":34,"covered":32,"skipped":0,"pct":94.11}}
,"C:\\Users\\Yangu\\Documents\\GitHub\\VideoComposer\\src\\app\\api\\public-media\\route.ts": {"lines":{"total":14,"covered":14,"skipped":0,"pct":100},"functions":{"total":1,"covered":1,"skipped":0,"pct":100},"statements":{"total":14,"covered":14,"skipped":0,"pct":100},"branches":{"total":2,"covered":2,"skipped":0,"pct":100}}
,"C:\\Users\\Yangu\\Documents\\GitHub\\VideoComposer\\src\\app\\api\\render\\route.ts": {"lines":{"total":187,"covered":187,"skipped":0,"pct":100},"functions":{"total":7,"covered":7,"skipped":0,"pct":100},"statements":{"total":187,"covered":187,"skipped":0,"pct":100},"branches":{"total":66,"covered":64,"skipped":0,"pct":96.96}}
,"C:\\Users\\Yangu\\Documents\\GitHub\\VideoComposer\\src\\app\\api\\render\\progress\\route.ts": {"lines":{"total":22,"covered":22,"skipped":0,"pct":100},"functions":{"total":1,"covered":1,"skipped":0,"pct":100},"statements":{"total":22,"covered":22,"skipped":0,"pct":100},"branches":{"total":7,"covered":7,"skipped":0,"pct":100}}
,"C:\\Users\\Yangu\\Documents\\GitHub\\VideoComposer\\src\\components\\AiAgentsInstructionFab.tsx": {"lines":{"total":13,"covered":13,"skipped":0,"pct":100},"functions":{"total":2,"covered":2,"skipped":0,"pct":100},"statements":{"total":13,"covered":13,"skipped":0,"pct":100},"branches":{"total":2,"covered":2,"skipped":0,"pct":100}}
,"C:\\Users\\Yangu\\Documents\\GitHub\\VideoComposer\\src\\components\\AiCopyAssistant.tsx": {"lines":{"total":214,"covered":0,"skipped":0,"pct":0},"functions":{"total":1,"covered":1,"skipped":0,"pct":100},"statements":{"total":214,"covered":0,"skipped":0,"pct":0},"branches":{"total":1,"covered":1,"skipped":0,"pct":100}}
,"C:\\Users\\Yangu\\Documents\\GitHub\\VideoComposer\\src\\components\\BackgroundMusicControls.tsx": {"lines":{"total":70,"covered":70,"skipped":0,"pct":100},"functions":{"total":3,"covered":3,"skipped":0,"pct":100},"statements":{"total":70,"covered":70,"skipped":0,"pct":100},"branches":{"total":17,"covered":17,"skipped":0,"pct":100}}
,"C:\\Users\\Yangu\\Documents\\GitHub\\VideoComposer\\src\\components\\BrandMediaLibrary.tsx": {"lines":{"total":188,"covered":0,"skipped":0,"pct":0},"functions":{"total":1,"covered":1,"skipped":0,"pct":100},"statements":{"total":188,"covered":0,"skipped":0,"pct":0},"branches":{"total":1,"covered":1,"skipped":0,"pct":100}}
,"C:\\Users\\Yangu\\Documents\\GitHub\\VideoComposer\\src\\components\\BrandSelector.tsx": {"lines":{"total":21,"covered":21,"skipped":0,"pct":100},"functions":{"total":2,"covered":2,"skipped":0,"pct":100},"statements":{"total":21,"covered":21,"skipped":0,"pct":100},"branches":{"total":5,"covered":5,"skipped":0,"pct":100}}
,"C:\\Users\\Yangu\\Documents\\GitHub\\VideoComposer\\src\\components\\CarouselSlidesEditor.tsx": {"lines":{"total":121,"covered":0,"skipped":0,"pct":0},"functions":{"total":1,"covered":1,"skipped":0,"pct":100},"statements":{"total":121,"covered":0,"skipped":0,"pct":0},"branches":{"total":1,"covered":1,"skipped":0,"pct":100}}
,"C:\\Users\\Yangu\\Documents\\GitHub\\VideoComposer\\src\\components\\DashboardStepAccordion.tsx": {"lines":{"total":122,"covered":122,"skipped":0,"pct":100},"functions":{"total":2,"covered":2,"skipped":0,"pct":100},"statements":{"total":122,"covered":122,"skipped":0,"pct":100},"branches":{"total":14,"covered":14,"skipped":0,"pct":100}}
,"C:\\Users\\Yangu\\Documents\\GitHub\\VideoComposer\\src\\components\\ExportBar.tsx": {"lines":{"total":121,"covered":0,"skipped":0,"pct":0},"functions":{"total":1,"covered":1,"skipped":0,"pct":100},"statements":{"total":121,"covered":0,"skipped":0,"pct":0},"branches":{"total":1,"covered":1,"skipped":0,"pct":100}}
,"C:\\Users\\Yangu\\Documents\\GitHub\\VideoComposer\\src\\components\\ImageCropModal.tsx": {"lines":{"total":146,"covered":0,"skipped":0,"pct":0},"functions":{"total":1,"covered":1,"skipped":0,"pct":100},"statements":{"total":146,"covered":0,"skipped":0,"pct":0},"branches":{"total":1,"covered":1,"skipped":0,"pct":100}}
,"C:\\Users\\Yangu\\Documents\\GitHub\\VideoComposer\\src\\components\\LogoPicker.tsx": {"lines":{"total":84,"covered":0,"skipped":0,"pct":0},"functions":{"total":1,"covered":1,"skipped":0,"pct":100},"statements":{"total":84,"covered":0,"skipped":0,"pct":0},"branches":{"total":1,"covered":1,"skipped":0,"pct":100}}
,"C:\\Users\\Yangu\\Documents\\GitHub\\VideoComposer\\src\\components\\LogoPositionControls.tsx": {"lines":{"total":59,"covered":59,"skipped":0,"pct":100},"functions":{"total":4,"covered":4,"skipped":0,"pct":100},"statements":{"total":59,"covered":59,"skipped":0,"pct":100},"branches":{"total":6,"covered":6,"skipped":0,"pct":100}}
,"C:\\Users\\Yangu\\Documents\\GitHub\\VideoComposer\\src\\components\\MediaLibraryPicker.tsx": {"lines":{"total":161,"covered":0,"skipped":0,"pct":0},"functions":{"total":1,"covered":1,"skipped":0,"pct":100},"statements":{"total":161,"covered":0,"skipped":0,"pct":0},"branches":{"total":1,"covered":1,"skipped":0,"pct":100}}
,"C:\\Users\\Yangu\\Documents\\GitHub\\VideoComposer\\src\\components\\MediaUploader.tsx": {"lines":{"total":95,"covered":0,"skipped":0,"pct":0},"functions":{"total":1,"covered":1,"skipped":0,"pct":100},"statements":{"total":95,"covered":0,"skipped":0,"pct":0},"branches":{"total":1,"covered":1,"skipped":0,"pct":100}}
,"C:\\Users\\Yangu\\Documents\\GitHub\\VideoComposer\\src\\components\\RenderAndDownload.tsx": {"lines":{"total":139,"covered":0,"skipped":0,"pct":0},"functions":{"total":1,"covered":1,"skipped":0,"pct":100},"statements":{"total":139,"covered":0,"skipped":0,"pct":0},"branches":{"total":1,"covered":1,"skipped":0,"pct":100}}
,"C:\\Users\\Yangu\\Documents\\GitHub\\VideoComposer\\src\\components\\ServiceFontPicker.tsx": {"lines":{"total":27,"covered":27,"skipped":0,"pct":100},"functions":{"total":2,"covered":2,"skipped":0,"pct":100},"statements":{"total":27,"covered":27,"skipped":0,"pct":100},"branches":{"total":6,"covered":6,"skipped":0,"pct":100}}
,"C:\\Users\\Yangu\\Documents\\GitHub\\VideoComposer\\src\\components\\SignInModal.tsx": {"lines":{"total":77,"covered":77,"skipped":0,"pct":100},"functions":{"total":2,"covered":2,"skipped":0,"pct":100},"statements":{"total":77,"covered":77,"skipped":0,"pct":100},"branches":{"total":14,"covered":14,"skipped":0,"pct":100}}
,"C:\\Users\\Yangu\\Documents\\GitHub\\VideoComposer\\src\\components\\TemplateModePills.tsx": {"lines":{"total":62,"covered":62,"skipped":0,"pct":100},"functions":{"total":3,"covered":3,"skipped":0,"pct":100},"statements":{"total":62,"covered":62,"skipped":0,"pct":100},"branches":{"total":9,"covered":9,"skipped":0,"pct":100}}
,"C:\\Users\\Yangu\\Documents\\GitHub\\VideoComposer\\src\\components\\TemplateModeToggle.tsx": {"lines":{"total":38,"covered":38,"skipped":0,"pct":100},"functions":{"total":2,"covered":2,"skipped":0,"pct":100},"statements":{"total":38,"covered":38,"skipped":0,"pct":100},"branches":{"total":11,"covered":11,"skipped":0,"pct":100}}
,"C:\\Users\\Yangu\\Documents\\GitHub\\VideoComposer\\src\\components\\TweaksPanel.tsx": {"lines":{"total":156,"covered":0,"skipped":0,"pct":0},"functions":{"total":1,"covered":1,"skipped":0,"pct":100},"statements":{"total":156,"covered":0,"skipped":0,"pct":0},"branches":{"total":1,"covered":1,"skipped":0,"pct":100}}
,"C:\\Users\\Yangu\\Documents\\GitHub\\VideoComposer\\src\\components\\VideoDurationControl.tsx": {"lines":{"total":50,"covered":50,"skipped":0,"pct":100},"functions":{"total":4,"covered":4,"skipped":0,"pct":100},"statements":{"total":50,"covered":50,"skipped":0,"pct":100},"branches":{"total":4,"covered":4,"skipped":0,"pct":100}}
,"C:\\Users\\Yangu\\Documents\\GitHub\\VideoComposer\\src\\components\\VideoPreview.tsx": {"lines":{"total":58,"covered":0,"skipped":0,"pct":0},"functions":{"total":1,"covered":1,"skipped":0,"pct":100},"statements":{"total":58,"covered":0,"skipped":0,"pct":0},"branches":{"total":1,"covered":1,"skipped":0,"pct":100}}
,"C:\\Users\\Yangu\\Documents\\GitHub\\VideoComposer\\src\\components\\VideoTextColors.tsx": {"lines":{"total":62,"covered":62,"skipped":0,"pct":100},"functions":{"total":6,"covered":4,"skipped":0,"pct":66.66},"statements":{"total":62,"covered":62,"skipped":0,"pct":100},"branches":{"total":4,"covered":4,"skipped":0,"pct":100}}
,"C:\\Users\\Yangu\\Documents\\GitHub\\VideoComposer\\src\\components\\VideoTextSizeSlider.tsx": {"lines":{"total":36,"covered":36,"skipped":0,"pct":100},"functions":{"total":3,"covered":3,"skipped":0,"pct":100},"statements":{"total":36,"covered":36,"skipped":0,"pct":100},"branches":{"total":3,"covered":3,"skipped":0,"pct":100}}
,"C:\\Users\\Yangu\\Documents\\GitHub\\VideoComposer\\src\\components\\theme-provider.tsx": {"lines":{"total":11,"covered":11,"skipped":0,"pct":100},"functions":{"total":1,"covered":1,"skipped":0,"pct":100},"statements":{"total":11,"covered":11,"skipped":0,"pct":100},"branches":{"total":1,"covered":1,"skipped":0,"pct":100}}
,"C:\\Users\\Yangu\\Documents\\GitHub\\VideoComposer\\src\\components\\theme-toggle.tsx": {"lines":{"total":32,"covered":32,"skipped":0,"pct":100},"functions":{"total":2,"covered":2,"skipped":0,"pct":100},"statements":{"total":32,"covered":32,"skipped":0,"pct":100},"branches":{"total":8,"covered":8,"skipped":0,"pct":100}}
,"C:\\Users\\Yangu\\Documents\\GitHub\\VideoComposer\\src\\components\\ui\\BackgroundScene.tsx": {"lines":{"total":3,"covered":3,"skipped":0,"pct":100},"functions":{"total":1,"covered":1,"skipped":0,"pct":100},"statements":{"total":3,"covered":3,"skipped":0,"pct":100},"branches":{"total":1,"covered":1,"skipped":0,"pct":100}}
,"C:\\Users\\Yangu\\Documents\\GitHub\\VideoComposer\\src\\components\\ui\\GlassCard.tsx": {"lines":{"total":90,"covered":90,"skipped":0,"pct":100},"functions":{"total":2,"covered":2,"skipped":0,"pct":100},"statements":{"total":90,"covered":90,"skipped":0,"pct":100},"branches":{"total":27,"covered":24,"skipped":0,"pct":88.88}}
,"C:\\Users\\Yangu\\Documents\\GitHub\\VideoComposer\\src\\components\\ui\\Toast.tsx": {"lines":{"total":48,"covered":48,"skipped":0,"pct":100},"functions":{"total":4,"covered":4,"skipped":0,"pct":100},"statements":{"total":48,"covered":48,"skipped":0,"pct":100},"branches":{"total":20,"covered":20,"skipped":0,"pct":100}}
,"C:\\Users\\Yangu\\Documents\\GitHub\\VideoComposer\\src\\config\\background-music.ts": {"lines":{"total":23,"covered":23,"skipped":0,"pct":100},"functions":{"total":3,"covered":3,"skipped":0,"pct":100},"statements":{"total":23,"covered":23,"skipped":0,"pct":100},"branches":{"total":12,"covered":12,"skipped":0,"pct":100}}
,"C:\\Users\\Yangu\\Documents\\GitHub\\VideoComposer\\src\\config\\brands.ts": {"lines":{"total":86,"covered":86,"skipped":0,"pct":100},"functions":{"total":2,"covered":2,"skipped":0,"pct":100},"statements":{"total":86,"covered":86,"skipped":0,"pct":100},"branches":{"total":3,"covered":3,"skipped":0,"pct":100}}
,"C:\\Users\\Yangu\\Documents\\GitHub\\VideoComposer\\src\\config\\google-fonts.ts": {"lines":{"total":2,"covered":0,"skipped":0,"pct":0},"functions":{"total":1,"covered":1,"skipped":0,"pct":100},"statements":{"total":2,"covered":0,"skipped":0,"pct":0},"branches":{"total":1,"covered":1,"skipped":0,"pct":100}}
,"C:\\Users\\Yangu\\Documents\\GitHub\\VideoComposer\\src\\config\\logo-offset.ts": {"lines":{"total":9,"covered":9,"skipped":0,"pct":100},"functions":{"total":1,"covered":1,"skipped":0,"pct":100},"statements":{"total":9,"covered":9,"skipped":0,"pct":100},"branches":{"total":3,"covered":3,"skipped":0,"pct":100}}
,"C:\\Users\\Yangu\\Documents\\GitHub\\VideoComposer\\src\\config\\service-fonts.ts": {"lines":{"total":15,"covered":15,"skipped":0,"pct":100},"functions":{"total":1,"covered":1,"skipped":0,"pct":100},"statements":{"total":15,"covered":15,"skipped":0,"pct":100},"branches":{"total":2,"covered":2,"skipped":0,"pct":100}}
,"C:\\Users\\Yangu\\Documents\\GitHub\\VideoComposer\\src\\config\\template-modes.ts": {"lines":{"total":26,"covered":26,"skipped":0,"pct":100},"functions":{"total":1,"covered":1,"skipped":0,"pct":100},"statements":{"total":26,"covered":26,"skipped":0,"pct":100},"branches":{"total":6,"covered":6,"skipped":0,"pct":100}}
,"C:\\Users\\Yangu\\Documents\\GitHub\\VideoComposer\\src\\config\\video-duration.ts": {"lines":{"total":16,"covered":16,"skipped":0,"pct":100},"functions":{"total":3,"covered":3,"skipped":0,"pct":100},"statements":{"total":16,"covered":16,"skipped":0,"pct":100},"branches":{"total":3,"covered":3,"skipped":0,"pct":100}}
,"C:\\Users\\Yangu\\Documents\\GitHub\\VideoComposer\\src\\config\\video-text-scale.ts": {"lines":{"total":8,"covered":8,"skipped":0,"pct":100},"functions":{"total":1,"covered":1,"skipped":0,"pct":100},"statements":{"total":8,"covered":8,"skipped":0,"pct":100},"branches":{"total":3,"covered":3,"skipped":0,"pct":100}}
,"C:\\Users\\Yangu\\Documents\\GitHub\\VideoComposer\\src\\hooks\\useRender.ts": {"lines":{"total":93,"covered":90,"skipped":0,"pct":96.77},"functions":{"total":2,"covered":2,"skipped":0,"pct":100},"statements":{"total":93,"covered":90,"skipped":0,"pct":96.77},"branches":{"total":28,"covered":26,"skipped":0,"pct":92.85}}
,"C:\\Users\\Yangu\\Documents\\GitHub\\VideoComposer\\src\\lib\\auth.ts": {"lines":{"total":14,"covered":14,"skipped":0,"pct":100},"functions":{"total":3,"covered":3,"skipped":0,"pct":100},"statements":{"total":14,"covered":14,"skipped":0,"pct":100},"branches":{"total":3,"covered":3,"skipped":0,"pct":100}}
,"C:\\Users\\Yangu\\Documents\\GitHub\\VideoComposer\\src\\lib\\brand-context.ts": {"lines":{"total":58,"covered":58,"skipped":0,"pct":100},"functions":{"total":4,"covered":4,"skipped":0,"pct":100},"statements":{"total":58,"covered":58,"skipped":0,"pct":100},"branches":{"total":20,"covered":20,"skipped":0,"pct":100}}
,"C:\\Users\\Yangu\\Documents\\GitHub\\VideoComposer\\src\\lib\\brand-logos.ts": {"lines":{"total":13,"covered":13,"skipped":0,"pct":100},"functions":{"total":2,"covered":2,"skipped":0,"pct":100},"statements":{"total":13,"covered":13,"skipped":0,"pct":100},"branches":{"total":11,"covered":10,"skipped":0,"pct":90.9}}
,"C:\\Users\\Yangu\\Documents\\GitHub\\VideoComposer\\src\\lib\\carousel-slides.ts": {"lines":{"total":12,"covered":12,"skipped":0,"pct":100},"functions":{"total":2,"covered":2,"skipped":0,"pct":100},"statements":{"total":12,"covered":12,"skipped":0,"pct":100},"branches":{"total":2,"covered":2,"skipped":0,"pct":100}}
,"C:\\Users\\Yangu\\Documents\\GitHub\\VideoComposer\\src\\lib\\files.ts": {"lines":{"total":8,"covered":8,"skipped":0,"pct":100},"functions":{"total":3,"covered":3,"skipped":0,"pct":100},"statements":{"total":8,"covered":8,"skipped":0,"pct":100},"branches":{"total":4,"covered":4,"skipped":0,"pct":100}}
,"C:\\Users\\Yangu\\Documents\\GitHub\\VideoComposer\\src\\lib\\firebase.ts": {"lines":{"total":64,"covered":64,"skipped":0,"pct":100},"functions":{"total":6,"covered":6,"skipped":0,"pct":100},"statements":{"total":64,"covered":64,"skipped":0,"pct":100},"branches":{"total":19,"covered":19,"skipped":0,"pct":100}}
,"C:\\Users\\Yangu\\Documents\\GitHub\\VideoComposer\\src\\lib\\get-cropped-image.ts": {"lines":{"total":46,"covered":46,"skipped":0,"pct":100},"functions":{"total":4,"covered":4,"skipped":0,"pct":100},"statements":{"total":46,"covered":46,"skipped":0,"pct":100},"branches":{"total":18,"covered":18,"skipped":0,"pct":100}}
,"C:\\Users\\Yangu\\Documents\\GitHub\\VideoComposer\\src\\lib\\hex-color.ts": {"lines":{"total":14,"covered":14,"skipped":0,"pct":100},"functions":{"total":1,"covered":1,"skipped":0,"pct":100},"statements":{"total":14,"covered":14,"skipped":0,"pct":100},"branches":{"total":9,"covered":9,"skipped":0,"pct":100}}
,"C:\\Users\\Yangu\\Documents\\GitHub\\VideoComposer\\src\\lib\\media-library.ts": {"lines":{"total":179,"covered":177,"skipped":0,"pct":98.88},"functions":{"total":8,"covered":8,"skipped":0,"pct":100},"statements":{"total":179,"covered":177,"skipped":0,"pct":98.88},"branches":{"total":50,"covered":44,"skipped":0,"pct":88}}
,"C:\\Users\\Yangu\\Documents\\GitHub\\VideoComposer\\src\\lib\\project-draft.ts": {"lines":{"total":91,"covered":88,"skipped":0,"pct":96.7},"functions":{"total":13,"covered":11,"skipped":0,"pct":84.61},"statements":{"total":91,"covered":88,"skipped":0,"pct":96.7},"branches":{"total":40,"covered":40,"skipped":0,"pct":100}}
,"C:\\Users\\Yangu\\Documents\\GitHub\\VideoComposer\\src\\lib\\render-client.ts": {"lines":{"total":11,"covered":11,"skipped":0,"pct":100},"functions":{"total":1,"covered":1,"skipped":0,"pct":100},"statements":{"total":11,"covered":11,"skipped":0,"pct":100},"branches":{"total":8,"covered":8,"skipped":0,"pct":100}}
,"C:\\Users\\Yangu\\Documents\\GitHub\\VideoComposer\\src\\lib\\render-environment.ts": {"lines":{"total":13,"covered":13,"skipped":0,"pct":100},"functions":{"total":1,"covered":1,"skipped":0,"pct":100},"statements":{"total":13,"covered":13,"skipped":0,"pct":100},"branches":{"total":6,"covered":6,"skipped":0,"pct":100}}
,"C:\\Users\\Yangu\\Documents\\GitHub\\VideoComposer\\src\\lib\\render-error.ts": {"lines":{"total":41,"covered":41,"skipped":0,"pct":100},"functions":{"total":1,"covered":1,"skipped":0,"pct":100},"statements":{"total":41,"covered":41,"skipped":0,"pct":100},"branches":{"total":26,"covered":26,"skipped":0,"pct":100}}
,"C:\\Users\\Yangu\\Documents\\GitHub\\VideoComposer\\src\\lib\\render-progress-store.ts": {"lines":{"total":27,"covered":27,"skipped":0,"pct":100},"functions":{"total":4,"covered":4,"skipped":0,"pct":100},"statements":{"total":27,"covered":27,"skipped":0,"pct":100},"branches":{"total":12,"covered":10,"skipped":0,"pct":83.33}}
,"C:\\Users\\Yangu\\Documents\\GitHub\\VideoComposer\\src\\lib\\scan-public-media.ts": {"lines":{"total":67,"covered":67,"skipped":0,"pct":100},"functions":{"total":5,"covered":5,"skipped":0,"pct":100},"statements":{"total":67,"covered":67,"skipped":0,"pct":100},"branches":{"total":21,"covered":20,"skipped":0,"pct":95.23}}
,"C:\\Users\\Yangu\\Documents\\GitHub\\VideoComposer\\src\\lib\\simulated-auth.ts": {"lines":{"total":14,"covered":14,"skipped":0,"pct":100},"functions":{"total":2,"covered":2,"skipped":0,"pct":100},"statements":{"total":14,"covered":14,"skipped":0,"pct":100},"branches":{"total":5,"covered":3,"skipped":0,"pct":60}}
,"C:\\Users\\Yangu\\Documents\\GitHub\\VideoComposer\\src\\remotion\\Root.tsx": {"lines":{"total":125,"covered":125,"skipped":0,"pct":100},"functions":{"total":4,"covered":4,"skipped":0,"pct":100},"statements":{"total":125,"covered":125,"skipped":0,"pct":100},"branches":{"total":8,"covered":7,"skipped":0,"pct":87.5}}
,"C:\\Users\\Yangu\\Documents\\GitHub\\VideoComposer\\src\\remotion\\background-layer.tsx": {"lines":{"total":18,"covered":18,"skipped":0,"pct":100},"functions":{"total":2,"covered":2,"skipped":0,"pct":100},"statements":{"total":18,"covered":18,"skipped":0,"pct":100},"branches":{"total":4,"covered":4,"skipped":0,"pct":100}}
,"C:\\Users\\Yangu\\Documents\\GitHub\\VideoComposer\\src\\remotion\\before-after-template.tsx": {"lines":{"total":219,"covered":218,"skipped":0,"pct":99.54},"functions":{"total":2,"covered":2,"skipped":0,"pct":100},"statements":{"total":219,"covered":218,"skipped":0,"pct":99.54},"branches":{"total":31,"covered":25,"skipped":0,"pct":80.64}}
,"C:\\Users\\Yangu\\Documents\\GitHub\\VideoComposer\\src\\remotion\\carousel-template.tsx": {"lines":{"total":267,"covered":266,"skipped":0,"pct":99.62},"functions":{"total":5,"covered":5,"skipped":0,"pct":100},"statements":{"total":267,"covered":266,"skipped":0,"pct":99.62},"branches":{"total":35,"covered":30,"skipped":0,"pct":85.71}}
,"C:\\Users\\Yangu\\Documents\\GitHub\\VideoComposer\\src\\remotion\\composition-ids.ts": {"lines":{"total":0,"covered":0,"skipped":0,"pct":100},"functions":{"total":1,"covered":1,"skipped":0,"pct":100},"statements":{"total":0,"covered":0,"skipped":0,"pct":100},"branches":{"total":1,"covered":1,"skipped":0,"pct":100}}
,"C:\\Users\\Yangu\\Documents\\GitHub\\VideoComposer\\src\\remotion\\media-utils.ts": {"lines":{"total":11,"covered":11,"skipped":0,"pct":100},"functions":{"total":1,"covered":1,"skipped":0,"pct":100},"statements":{"total":11,"covered":11,"skipped":0,"pct":100},"branches":{"total":11,"covered":11,"skipped":0,"pct":100}}
,"C:\\Users\\Yangu\\Documents\\GitHub\\VideoComposer\\src\\remotion\\price-tag-badge.tsx": {"lines":{"total":30,"covered":30,"skipped":0,"pct":100},"functions":{"total":1,"covered":1,"skipped":0,"pct":100},"statements":{"total":30,"covered":30,"skipped":0,"pct":100},"branches":{"total":6,"covered":6,"skipped":0,"pct":100}}
,"C:\\Users\\Yangu\\Documents\\GitHub\\VideoComposer\\src\\remotion\\service-font-loaders.ts": {"lines":{"total":46,"covered":16,"skipped":0,"pct":34.78},"functions":{"total":1,"covered":0,"skipped":0,"pct":0},"statements":{"total":46,"covered":16,"skipped":0,"pct":34.78},"branches":{"total":0,"covered":0,"skipped":0,"pct":100}}
,"C:\\Users\\Yangu\\Documents\\GitHub\\VideoComposer\\src\\remotion\\single-image-template.tsx": {"lines":{"total":192,"covered":191,"skipped":0,"pct":99.47},"functions":{"total":2,"covered":2,"skipped":0,"pct":100},"statements":{"total":192,"covered":191,"skipped":0,"pct":99.47},"branches":{"total":29,"covered":23,"skipped":0,"pct":79.31}}
,"C:\\Users\\Yangu\\Documents\\GitHub\\VideoComposer\\src\\remotion\\ui-motion.ts": {"lines":{"total":54,"covered":52,"skipped":0,"pct":96.29},"functions":{"total":2,"covered":2,"skipped":0,"pct":100},"statements":{"total":54,"covered":52,"skipped":0,"pct":96.29},"branches":{"total":7,"covered":6,"skipped":0,"pct":85.71}}
,"C:\\Users\\Yangu\\Documents\\GitHub\\VideoComposer\\src\\remotion\\webpack-override.ts": {"lines":{"total":13,"covered":13,"skipped":0,"pct":100},"functions":{"total":1,"covered":1,"skipped":0,"pct":100},"statements":{"total":13,"covered":13,"skipped":0,"pct":100},"branches":{"total":6,"covered":6,"skipped":0,"pct":100}}
}
